This file contains any messages produced by compilers while
running configure, to aid debugging if configure makes a mistake.

It was created by Robo Soccer configure 1.0, which was
generated by GNU Autoconf 2.69.  Invocation command line was

  $ ./configure 

## --------- ##
## Platform. ##
## --------- ##

hostname = anand-HP-Laptop-15-bs0xx
uname -m = x86_64
uname -r = 5.11.0-40-generic
uname -s = Linux
uname -v = #44~20.04.2-Ubuntu SMP Tue Oct 26 18:07:44 UTC 2021

/usr/bin/uname -p = x86_64
/bin/uname -X     = unknown

/bin/arch              = x86_64
/usr/bin/arch -k       = unknown
/usr/convex/getsysinfo = unknown
/usr/bin/hostinfo      = unknown
/bin/machine           = unknown
/usr/bin/oslevel       = unknown
/bin/universe          = unknown

PATH: /usr/local/sbin
PATH: /usr/local/bin
PATH: /usr/sbin
PATH: /usr/bin
PATH: /sbin
PATH: /bin
PATH: /usr/games
PATH: /usr/local/games
PATH: /snap/bin


## ----------- ##
## Core tests. ##
## ----------- ##

configure:2323: checking for a BSD-compatible install
configure:2391: result: /usr/bin/install -c
configure:2402: checking whether build environment is sane
configure:2457: result: yes
configure:2493: WARNING: 'missing' script is too old or missing
configure:2606: checking for a thread-safe mkdir -p
configure:2645: result: /usr/bin/mkdir -p
configure:2652: checking for gawk
configure:2682: result: no
configure:2652: checking for mawk
configure:2668: found /usr/bin/mawk
configure:2679: result: mawk
configure:2690: checking whether make sets $(MAKE)
configure:2712: result: yes
configure:2741: checking whether make supports nested variables
configure:2758: result: yes
configure:2939: checking for gcc
configure:2955: found /usr/bin/gcc
configure:2966: result: gcc
configure:3195: checking for C compiler version
configure:3204: gcc --version >&5
gcc (Ubuntu 9.3.0-17ubuntu1~20.04) 9.3.0
Copyright (C) 2019 Free Software Foundation, Inc.
This is free software; see the source for copying conditions.  There is NO
warranty; not even for MERCHANTABILITY or FITNESS FOR A PARTICULAR PURPOSE.

configure:3215: $? = 0
configure:3204: gcc -v >&5
Using built-in specs.
COLLECT_GCC=gcc
COLLECT_LTO_WRAPPER=/usr/lib/gcc/x86_64-linux-gnu/9/lto-wrapper
OFFLOAD_TARGET_NAMES=nvptx-none:hsa
OFFLOAD_TARGET_DEFAULT=1
Target: x86_64-linux-gnu
Configured with: ../src/configure -v --with-pkgversion='Ubuntu 9.3.0-17ubuntu1~20.04' --with-bugurl=file:///usr/share/doc/gcc-9/README.Bugs --enable-languages=c,ada,c++,go,brig,d,fortran,objc,obj-c++,gm2 --prefix=/usr --with-gcc-major-version-only --program-suffix=-9 --program-prefix=x86_64-linux-gnu- --enable-shared --enable-linker-build-id --libexecdir=/usr/lib --without-included-gettext --enable-threads=posix --libdir=/usr/lib --enable-nls --enable-clocale=gnu --enable-libstdcxx-debug --enable-libstdcxx-time=yes --with-default-libstdcxx-abi=new --enable-gnu-unique-object --disable-vtable-verify --enable-plugin --enable-default-pie --with-system-zlib --with-target-system-zlib=auto --enable-objc-gc=auto --enable-multiarch --disable-werror --with-arch-32=i686 --with-abi=m64 --with-multilib-list=m32,m64,mx32 --enable-multilib --with-tune=generic --enable-offload-targets=nvptx-none=/build/gcc-9-HskZEa/gcc-9-9.3.0/debian/tmp-nvptx/usr,hsa --without-cuda-driver --enable-checking=release --build=x86_64-linux-gnu --host=x86_64-linux-gnu --target=x86_64-linux-gnu
Thread model: posix
gcc version 9.3.0 (Ubuntu 9.3.0-17ubuntu1~20.04) 
configure:3215: $? = 0
configure:3204: gcc -V >&5
gcc: error: unrecognized command line option '-V'
gcc: fatal error: no input files
compilation terminated.
configure:3215: $? = 1
configure:3204: gcc -qversion >&5
gcc: error: unrecognized command line option '-qversion'; did you mean '--version'?
gcc: fatal error: no input files
compilation terminated.
configure:3215: $? = 1
configure:3235: checking whether the C compiler works
configure:3257: gcc    conftest.c  >&5
configure:3261: $? = 0
configure:3309: result: yes
configure:3312: checking for C compiler default output file name
configure:3314: result: a.out
configure:3320: checking for suffix of executables
configure:3327: gcc -o conftest    conftest.c  >&5
configure:3331: $? = 0
configure:3353: result: 
configure:3375: checking whether we are cross compiling
configure:3383: gcc -o conftest    conftest.c  >&5
configure:3387: $? = 0
configure:3394: ./conftest
configure:3398: $? = 0
configure:3386: result: no
configure:3391: checking for suffix of object files
configure:3413: gcc -c   conftest.c >&5
configure:3417: $? = 0
configure:3438: result: o
configure:3442: checking whether we are using the GNU C compiler
configure:3461: gcc -c   conftest.c >&5
configure:3461: $? = 0
configure:3470: result: yes
configure:3479: checking whether gcc accepts -g
configure:3499: gcc -c -g  conftest.c >&5
configure:3499: $? = 0
configure:3540: result: yes
configure:3557: checking for gcc option to accept ISO C89
configure:3620: gcc  -c -g -O2  conftest.c >&5
configure:3620: $? = 0
configure:3633: result: none needed
configure:3658: checking whether gcc understands -c and -o together
configure:3680: gcc -c conftest.c -o conftest2.o
configure:3683: $? = 0
configure:3680: gcc -c conftest.c -o conftest2.o
configure:3683: $? = 0
configure:3695: result: yes
configure:3715: checking whether make supports the include directive
configure:3730: make -f confmf.GNU && cat confinc.out
this is the am__doit target
configure:3733: $? = 0
configure:3752: result: yes (GNU style)
configure:3777: checking dependency style of gcc
configure:3888: result: gcc3
configure:3908: checking for gawk
configure:3935: result: mawk
configure:3947: checking whether ln -s works
configure:3951: result: yes
configure:3961: checking for glEnable in -lGL
configure:3986: gcc -o conftest -g -O2   conftest.c -lGL   >&5
configure:3986: $? = 0
configure:3995: result: yes
configure:4006: checking for gluBeginTrim in -lGLU
configure:4031: gcc -o conftest -g -O2   conftest.c -lGLU  -lGL  >&5
configure:4031: $? = 0
configure:4040: result: yes
configure:4051: checking for SDL_Init in -lSDL
configure:4076: gcc -o conftest -g -O2   conftest.c -lSDL  -lGLU -lGL  >&5
configure:4076: $? = 0
configure:4085: result: yes
configure:4096: checking for glutInit in -lglut
configure:4121: gcc -o conftest -g -O2   conftest.c -lglut  -lSDL -lGLU -lGL  >&5
configure:4121: $? = 0
configure:4130: result: yes
configure:4141: checking for jpeg_CreateCompress in -ljpeg
configure:4166: gcc -o conftest -g -O2   conftest.c -ljpeg  -lglut -lSDL -lGLU -lGL  >&5
/usr/bin/ld: cannot find -ljpeg
collect2: error: ld returned 1 exit status
configure:4166: $? = 1
configure: failed program was:
| /* confdefs.h */
| #define PACKAGE_NAME "Robo Soccer"
| #define PACKAGE_TARNAME "robo-soccer"
| #define PACKAGE_VERSION "1.0"
| #define PACKAGE_STRING "Robo Soccer 1.0"
| #define PACKAGE_BUGREPORT "wisalam@live.com"
| #define PACKAGE_URL ""
| #define PACKAGE "robo-soccer"
| #define VERSION "1.0"
| #define HAVE_LIBGL 1
| #define HAVE_LIBGLU 1
| #define HAVE_LIBSDL 1
| #define HAVE_LIBGLUT 1
| /* end confdefs.h.  */
| 
| /* Override any GCC internal prototype to avoid an error.
|    Use char because int might match the return type of a GCC
|    builtin and then its argument prototype would still apply.  */
| #ifdef __cplusplus
| extern "C"
| #endif
| char jpeg_CreateCompress ();
| int
| main ()
| {
| return jpeg_CreateCompress ();
|   ;
|   return 0;
| }
configure:4175: result: no
configure:4186: checking for baswap in -lbluetooth
configure:4211: gcc -o conftest -g -O2   conftest.c -lbluetooth  -lglut -lSDL -lGLU -lGL  >&5
configure:4211: $? = 0
configure:4220: result: yes
configure:4231: checking for sqrt in -lm
configure:4256: gcc -o conftest -g -O2   conftest.c -lm  -lbluetooth -lglut -lSDL -lGLU -lGL  >&5
conftest.c:23:6: warning: conflicting types for built-in function 'sqrt'; expected 'double(double)' [-Wbuiltin-declaration-mismatch]
   23 | char sqrt ();
      |      ^~~~
conftest.c:1:1: note: 'sqrt' is declared in header '<math.h>'
    1 | /* confdefs.h */
configure:4256: $? = 0
configure:4265: result: yes
configure:4276: checking for pthread_create in -lpthread
configure:4301: gcc -o conftest -g -O2   conftest.c -lpthread  -lm -lbluetooth -lglut -lSDL -lGLU -lGL  >&5
configure:4301: $? = 0
configure:4310: result: yes
configure:4328: checking how to run the C preprocessor
configure:4359: gcc -E  conftest.c
configure:4359: $? = 0
configure:4373: gcc -E  conftest.c
conftest.c:18:10: fatal error: ac_nonexistent.h: No such file or directory
   18 | #include <ac_nonexistent.h>
      |          ^~~~~~~~~~~~~~~~~~
compilation terminated.
configure:4373: $? = 1
configure: failed program was:
| /* confdefs.h */
| #define PACKAGE_NAME "Robo Soccer"
| #define PACKAGE_TARNAME "robo-soccer"
| #define PACKAGE_VERSION "1.0"
| #define PACKAGE_STRING "Robo Soccer 1.0"
| #define PACKAGE_BUGREPORT "wisalam@live.com"
| #define PACKAGE_URL ""
| #define PACKAGE "robo-soccer"
| #define VERSION "1.0"
| #define HAVE_LIBGL 1
| #define HAVE_LIBGLU 1
| #define HAVE_LIBSDL 1
| #define HAVE_LIBGLUT 1
| #define HAVE_LIBBLUETOOTH 1
| #define HAVE_LIBM 1
| #define HAVE_LIBPTHREAD 1
| /* end confdefs.h.  */
| #include <ac_nonexistent.h>
configure:4398: result: gcc -E
configure:4418: gcc -E  conftest.c
configure:4418: $? = 0
configure:4432: gcc -E  conftest.c
conftest.c:18:10: fatal error: ac_nonexistent.h: No such file or directory
   18 | #include <ac_nonexistent.h>
      |          ^~~~~~~~~~~~~~~~~~
compilation terminated.
configure:4432: $? = 1
configure: failed program was:
| /* confdefs.h */
| #define PACKAGE_NAME "Robo Soccer"
| #define PACKAGE_TARNAME "robo-soccer"
| #define PACKAGE_VERSION "1.0"
| #define PACKAGE_STRING "Robo Soccer 1.0"
| #define PACKAGE_BUGREPORT "wisalam@live.com"
| #define PACKAGE_URL ""
| #define PACKAGE "robo-soccer"
| #define VERSION "1.0"
| #define HAVE_LIBGL 1
| #define HAVE_LIBGLU 1
| #define HAVE_LIBSDL 1
| #define HAVE_LIBGLUT 1
| #define HAVE_LIBBLUETOOTH 1
| #define HAVE_LIBM 1
| #define HAVE_LIBPTHREAD 1
| /* end confdefs.h.  */
| #include <ac_nonexistent.h>
configure:4461: checking for X
configure:4569: gcc -E  conftest.c
configure:4569: $? = 0
configure:4600: gcc -o conftest -g -O2   conftest.c -lX11 -lpthread -lm -lbluetooth -lglut -lSDL -lGLU -lGL  >&5
configure:4600: $? = 0
configure:4650: result: libraries , headers 
configure:4654: checking for grep that handles long lines and -e
configure:4712: result: /usr/bin/grep
configure:4717: checking for egrep
configure:4779: result: /usr/bin/grep -E
configure:4784: checking for ANSI C header files
configure:4804: gcc -c -g -O2  conftest.c >&5
configure:4804: $? = 0
configure:4877: gcc -o conftest -g -O2   conftest.c -lpthread -lm -lbluetooth -lglut -lSDL -lGLU -lGL  >&5
configure:4877: $? = 0
configure:4877: ./conftest
configure:4877: $? = 0
configure:4888: result: yes
configure:4901: checking for sys/types.h
configure:4901: gcc -c -g -O2  conftest.c >&5
configure:4901: $? = 0
configure:4901: result: yes
configure:4901: checking for sys/stat.h
configure:4901: gcc -c -g -O2  conftest.c >&5
configure:4901: $? = 0
configure:4901: result: yes
configure:4901: checking for stdlib.h
configure:4901: gcc -c -g -O2  conftest.c >&5
configure:4901: $? = 0
configure:4901: result: yes
configure:4901: checking for string.h
configure:4901: gcc -c -g -O2  conftest.c >&5
configure:4901: $? = 0
configure:4901: result: yes
configure:4901: checking for memory.h
configure:4901: gcc -c -g -O2  conftest.c >&5
configure:4901: $? = 0
configure:4901: result: yes
configure:4901: checking for strings.h
configure:4901: gcc -c -g -O2  conftest.c >&5
configure:4901: $? = 0
configure:4901: result: yes
configure:4901: checking for inttypes.h
configure:4901: gcc -c -g -O2  conftest.c >&5
configure:4901: $? = 0
configure:4901: result: yes
configure:4901: checking for stdint.h
configure:4901: gcc -c -g -O2  conftest.c >&5
configure:4901: $? = 0
configure:4901: result: yes
configure:4901: checking for unistd.h
configure:4901: gcc -c -g -O2  conftest.c >&5
configure:4901: $? = 0
configure:4901: result: yes
configure:4916: checking fcntl.h usability
configure:4916: gcc -c -g -O2  conftest.c >&5
configure:4916: $? = 0
configure:4916: result: yes
configure:4916: checking fcntl.h presence
configure:4916: gcc -E  conftest.c
configure:4916: $? = 0
configure:4916: result: yes
configure:4916: checking for fcntl.h
configure:4916: result: yes
configure:4916: checking for inttypes.h
configure:4916: result: yes
configure:4916: checking limits.h usability
configure:4916: gcc -c -g -O2  conftest.c >&5
configure:4916: $? = 0
configure:4916: result: yes
configure:4916: checking limits.h presence
configure:4916: gcc -E  conftest.c
configure:4916: $? = 0
configure:4916: result: yes
configure:4916: checking for limits.h
configure:4916: result: yes
configure:4916: checking malloc.h usability
configure:4916: gcc -c -g -O2  conftest.c >&5
configure:4916: $? = 0
configure:4916: result: yes
configure:4916: checking malloc.h presence
configure:4916: gcc -E  conftest.c
configure:4916: $? = 0
configure:4916: result: yes
configure:4916: checking for malloc.h
configure:4916: result: yes
configure:4916: checking for stdint.h
configure:4916: result: yes
configure:4916: checking for stdlib.h
configure:4916: result: yes
configure:4916: checking for string.h
configure:4916: result: yes
configure:4916: checking sys/file.h usability
configure:4916: gcc -c -g -O2  conftest.c >&5
configure:4916: $? = 0
configure:4916: result: yes
configure:4916: checking sys/file.h presence
configure:4916: gcc -E  conftest.c
configure:4916: $? = 0
configure:4916: result: yes
configure:4916: checking for sys/file.h
configure:4916: result: yes
configure:4916: checking sys/ioctl.h usability
configure:4916: gcc -c -g -O2  conftest.c >&5
configure:4916: $? = 0
configure:4916: result: yes
configure:4916: checking sys/ioctl.h presence
configure:4916: gcc -E  conftest.c
configure:4916: $? = 0
configure:4916: result: yes
configure:4916: checking for sys/ioctl.h
configure:4916: result: yes
configure:4916: checking sys/param.h usability
configure:4916: gcc -c -g -O2  conftest.c >&5
configure:4916: $? = 0
configure:4916: result: yes
configure:4916: checking sys/param.h presence
configure:4916: gcc -E  conftest.c
configure:4916: $? = 0
configure:4916: result: yes
configure:4916: checking for sys/param.h
configure:4916: result: yes
configure:4916: checking sys/socket.h usability
configure:4916: gcc -c -g -O2  conftest.c >&5
configure:4916: $? = 0
configure:4916: result: yes
configure:4916: checking sys/socket.h presence
configure:4916: gcc -E  conftest.c
configure:4916: $? = 0
configure:4916: result: yes
configure:4916: checking for sys/socket.h
configure:4916: result: yes
configure:4916: checking sys/time.h usability
configure:4916: gcc -c -g -O2  conftest.c >&5
configure:4916: $? = 0
configure:4916: result: yes
configure:4916: checking sys/time.h presence
configure:4916: gcc -E  conftest.c
configure:4916: $? = 0
configure:4916: result: yes
configure:4916: checking for sys/time.h
configure:4916: result: yes
configure:4916: checking for unistd.h
configure:4916: result: yes
configure:4928: checking for inline
configure:4944: gcc -c -g -O2  conftest.c >&5
configure:4944: $? = 0
configure:4952: result: inline
configure:4970: checking for off_t
configure:4970: gcc -c -g -O2  conftest.c >&5
configure:4970: $? = 0
configure:4970: gcc -c -g -O2  conftest.c >&5
conftest.c: In function 'main':
conftest.c:77:20: error: expected expression before ')' token
   77 | if (sizeof ((off_t)))
      |                    ^
configure:4970: $? = 1
configure: failed program was:
| /* confdefs.h */
| #define PACKAGE_NAME "Robo Soccer"
| #define PACKAGE_TARNAME "robo-soccer"
| #define PACKAGE_VERSION "1.0"
| #define PACKAGE_STRING "Robo Soccer 1.0"
| #define PACKAGE_BUGREPORT "wisalam@live.com"
| #define PACKAGE_URL ""
| #define PACKAGE "robo-soccer"
| #define VERSION "1.0"
| #define HAVE_LIBGL 1
| #define HAVE_LIBGLU 1
| #define HAVE_LIBSDL 1
| #define HAVE_LIBGLUT 1
| #define HAVE_LIBBLUETOOTH 1
| #define HAVE_LIBM 1
| #define HAVE_LIBPTHREAD 1
| #define STDC_HEADERS 1
| #define HAVE_SYS_TYPES_H 1
| #define HAVE_SYS_STAT_H 1
| #define HAVE_STDLIB_H 1
| #define HAVE_STRING_H 1
| #define HAVE_MEMORY_H 1
| #define HAVE_STRINGS_H 1
| #define HAVE_INTTYPES_H 1
| #define HAVE_STDINT_H 1
| #define HAVE_UNISTD_H 1
| #define HAVE_FCNTL_H 1
| #define HAVE_INTTYPES_H 1
| #define HAVE_LIMITS_H 1
| #define HAVE_MALLOC_H 1
| #define HAVE_STDINT_H 1
| #define HAVE_STDLIB_H 1
| #define HAVE_STRING_H 1
| #define HAVE_SYS_FILE_H 1
| #define HAVE_SYS_IOCTL_H 1
| #define HAVE_SYS_PARAM_H 1
| #define HAVE_SYS_SOCKET_H 1
| #define HAVE_SYS_TIME_H 1
| #define HAVE_UNISTD_H 1
| /* end confdefs.h.  */
| #include <stdio.h>
| #ifdef HAVE_SYS_TYPES_H
| # include <sys/types.h>
| #endif
| #ifdef HAVE_SYS_STAT_H
| # include <sys/stat.h>
| #endif
| #ifdef STDC_HEADERS
| # include <stdlib.h>
| # include <stddef.h>
| #else
| # ifdef HAVE_STDLIB_H
| #  include <stdlib.h>
| # endif
| #endif
| #ifdef HAVE_STRING_H
| # if !defined STDC_HEADERS && defined HAVE_MEMORY_H
| #  include <memory.h>
| # endif
| # include <string.h>
| #endif
| #ifdef HAVE_STRINGS_H
| # include <strings.h>
| #endif
| #ifdef HAVE_INTTYPES_H
| # include <inttypes.h>
| #endif
| #ifdef HAVE_STDINT_H
| # include <stdint.h>
| #endif
| #ifdef HAVE_UNISTD_H
| # include <unistd.h>
| #endif
| int
| main ()
| {
| if (sizeof ((off_t)))
| 	    return 0;
|   ;
|   return 0;
| }
configure:4970: result: yes
configure:4981: checking for size_t
configure:4981: gcc -c -g -O2  conftest.c >&5
configure:4981: $? = 0
configure:4981: gcc -c -g -O2  conftest.c >&5
conftest.c: In function 'main':
conftest.c:77:21: error: expected expression before ')' token
   77 | if (sizeof ((size_t)))
      |                     ^
configure:4981: $? = 1
configure: failed program was:
| /* confdefs.h */
| #define PACKAGE_NAME "Robo Soccer"
| #define PACKAGE_TARNAME "robo-soccer"
| #define PACKAGE_VERSION "1.0"
| #define PACKAGE_STRING "Robo Soccer 1.0"
| #define PACKAGE_BUGREPORT "wisalam@live.com"
| #define PACKAGE_URL ""
| #define PACKAGE "robo-soccer"
| #define VERSION "1.0"
| #define HAVE_LIBGL 1
| #define HAVE_LIBGLU 1
| #define HAVE_LIBSDL 1
| #define HAVE_LIBGLUT 1
| #define HAVE_LIBBLUETOOTH 1
| #define HAVE_LIBM 1
| #define HAVE_LIBPTHREAD 1
| #define STDC_HEADERS 1
| #define HAVE_SYS_TYPES_H 1
| #define HAVE_SYS_STAT_H 1
| #define HAVE_STDLIB_H 1
| #define HAVE_STRING_H 1
| #define HAVE_MEMORY_H 1
| #define HAVE_STRINGS_H 1
| #define HAVE_INTTYPES_H 1
| #define HAVE_STDINT_H 1
| #define HAVE_UNISTD_H 1
| #define HAVE_FCNTL_H 1
| #define HAVE_INTTYPES_H 1
| #define HAVE_LIMITS_H 1
| #define HAVE_MALLOC_H 1
| #define HAVE_STDINT_H 1
| #define HAVE_STDLIB_H 1
| #define HAVE_STRING_H 1
| #define HAVE_SYS_FILE_H 1
| #define HAVE_SYS_IOCTL_H 1
| #define HAVE_SYS_PARAM_H 1
| #define HAVE_SYS_SOCKET_H 1
| #define HAVE_SYS_TIME_H 1
| #define HAVE_UNISTD_H 1
| /* end confdefs.h.  */
| #include <stdio.h>
| #ifdef HAVE_SYS_TYPES_H
| # include <sys/types.h>
| #endif
| #ifdef HAVE_SYS_STAT_H
| # include <sys/stat.h>
| #endif
| #ifdef STDC_HEADERS
| # include <stdlib.h>
| # include <stddef.h>
| #else
| # ifdef HAVE_STDLIB_H
| #  include <stdlib.h>
| # endif
| #endif
| #ifdef HAVE_STRING_H
| # if !defined STDC_HEADERS && defined HAVE_MEMORY_H
| #  include <memory.h>
| # endif
| # include <string.h>
| #endif
| #ifdef HAVE_STRINGS_H
| # include <strings.h>
| #endif
| #ifdef HAVE_INTTYPES_H
| # include <inttypes.h>
| #endif
| #ifdef HAVE_STDINT_H
| # include <stdint.h>
| #endif
| #ifdef HAVE_UNISTD_H
| # include <unistd.h>
| #endif
| int
| main ()
| {
| if (sizeof ((size_t)))
| 	    return 0;
|   ;
|   return 0;
| }
configure:4981: result: yes
configure:4992: checking for ssize_t
configure:4992: gcc -c -g -O2  conftest.c >&5
configure:4992: $? = 0
configure:4992: gcc -c -g -O2  conftest.c >&5
conftest.c: In function 'main':
conftest.c:77:22: error: expected expression before ')' token
   77 | if (sizeof ((ssize_t)))
      |                      ^
configure:4992: $? = 1
configure: failed program was:
| /* confdefs.h */
| #define PACKAGE_NAME "Robo Soccer"
| #define PACKAGE_TARNAME "robo-soccer"
| #define PACKAGE_VERSION "1.0"
| #define PACKAGE_STRING "Robo Soccer 1.0"
| #define PACKAGE_BUGREPORT "wisalam@live.com"
| #define PACKAGE_URL ""
| #define PACKAGE "robo-soccer"
| #define VERSION "1.0"
| #define HAVE_LIBGL 1
| #define HAVE_LIBGLU 1
| #define HAVE_LIBSDL 1
| #define HAVE_LIBGLUT 1
| #define HAVE_LIBBLUETOOTH 1
| #define HAVE_LIBM 1
| #define HAVE_LIBPTHREAD 1
| #define STDC_HEADERS 1
| #define HAVE_SYS_TYPES_H 1
| #define HAVE_SYS_STAT_H 1
| #define HAVE_STDLIB_H 1
| #define HAVE_STRING_H 1
| #define HAVE_MEMORY_H 1
| #define HAVE_STRINGS_H 1
| #define HAVE_INTTYPES_H 1
| #define HAVE_STDINT_H 1
| #define HAVE_UNISTD_H 1
| #define HAVE_FCNTL_H 1
| #define HAVE_INTTYPES_H 1
| #define HAVE_LIMITS_H 1
| #define HAVE_MALLOC_H 1
| #define HAVE_STDINT_H 1
| #define HAVE_STDLIB_H 1
| #define HAVE_STRING_H 1
| #define HAVE_SYS_FILE_H 1
| #define HAVE_SYS_IOCTL_H 1
| #define HAVE_SYS_PARAM_H 1
| #define HAVE_SYS_SOCKET_H 1
| #define HAVE_SYS_TIME_H 1
| #define HAVE_UNISTD_H 1
| /* end confdefs.h.  */
| #include <stdio.h>
| #ifdef HAVE_SYS_TYPES_H
| # include <sys/types.h>
| #endif
| #ifdef HAVE_SYS_STAT_H
| # include <sys/stat.h>
| #endif
| #ifdef STDC_HEADERS
| # include <stdlib.h>
| # include <stddef.h>
| #else
| # ifdef HAVE_STDLIB_H
| #  include <stdlib.h>
| # endif
| #endif
| #ifdef HAVE_STRING_H
| # if !defined STDC_HEADERS && defined HAVE_MEMORY_H
| #  include <memory.h>
| # endif
| # include <string.h>
| #endif
| #ifdef HAVE_STRINGS_H
| # include <strings.h>
| #endif
| #ifdef HAVE_INTTYPES_H
| # include <inttypes.h>
| #endif
| #ifdef HAVE_STDINT_H
| # include <stdint.h>
| #endif
| #ifdef HAVE_UNISTD_H
| # include <unistd.h>
| #endif
| int
| main ()
| {
| if (sizeof ((ssize_t)))
| 	    return 0;
|   ;
|   return 0;
| }
configure:4992: result: yes
configure:5003: checking for uint16_t
configure:5003: gcc -c -g -O2  conftest.c >&5
configure:5003: $? = 0
configure:5003: result: yes
configure:5015: checking for uint32_t
configure:5015: gcc -c -g -O2  conftest.c >&5
configure:5015: $? = 0
configure:5015: result: yes
configure:5029: checking for uint64_t
configure:5029: gcc -c -g -O2  conftest.c >&5
configure:5029: $? = 0
configure:5029: result: yes
configure:5043: checking for uint8_t
configure:5043: gcc -c -g -O2  conftest.c >&5
configure:5043: $? = 0
configure:5043: result: yes
configure:5061: checking for stdlib.h
configure:5061: result: yes
configure:5071: checking for GNU libc compatible malloc
configure:5095: gcc -o conftest -g -O2   conftest.c -lpthread -lm -lbluetooth -lglut -lSDL -lGLU -lGL  >&5
configure:5095: $? = 0
configure:5095: ./conftest
configure:5095: $? = 0
configure:5105: result: yes
configure:5132: checking for stdlib.h
configure:5132: result: yes
configure:5132: checking for unistd.h
configure:5132: result: yes
configure:5132: checking for sys/param.h
configure:5132: result: yes
configure:5152: checking for getpagesize
configure:5152: gcc -o conftest -g -O2   conftest.c -lpthread -lm -lbluetooth -lglut -lSDL -lGLU -lGL  >&5
configure:5152: $? = 0
configure:5152: result: yes
configure:5161: checking for working mmap
configure:5310: gcc -o conftest -g -O2   conftest.c -lpthread -lm -lbluetooth -lglut -lSDL -lGLU -lGL  >&5
configure:5310: $? = 0
configure:5310: ./conftest
configure:5310: $? = 0
configure:5320: result: yes
configure:5331: checking for stdlib.h
configure:5331: result: yes
configure:5341: checking for GNU libc compatible realloc
configure:5365: gcc -o conftest -g -O2   conftest.c -lpthread -lm -lbluetooth -lglut -lSDL -lGLU -lGL  >&5
configure:5365: $? = 0
configure:5365: ./conftest
configure:5365: $? = 0
configure:5375: result: yes
configure:5399: checking for floor
configure:5399: gcc -o conftest -g -O2   conftest.c -lpthread -lm -lbluetooth -lglut -lSDL -lGLU -lGL  >&5
conftest.c:73:6: warning: conflicting types for built-in function 'floor'; expected 'double(double)' [-Wbuiltin-declaration-mismatch]
   73 | char floor ();
      |      ^~~~~
conftest.c:61:1: note: 'floor' is declared in header '<math.h>'
   60 | # include <limits.h>
   61 | #else
configure:5399: $? = 0
configure:5399: result: yes
configure:5399: checking for ftruncate
configure:5399: gcc -o conftest -g -O2   conftest.c -lpthread -lm -lbluetooth -lglut -lSDL -lGLU -lGL  >&5
configure:5399: $? = 0
configure:5399: result: yes
configure:5399: checking for memset
configure:5399: gcc -o conftest -g -O2   conftest.c -lpthread -lm -lbluetooth -lglut -lSDL -lGLU -lGL  >&5
conftest.c:75:6: warning: conflicting types for built-in function 'memset'; expected 'void *(void *, int,  long unsigned int)' [-Wbuiltin-declaration-mismatch]
   75 | char memset ();
      |      ^~~~~~
conftest.c:63:1: note: 'memset' is declared in header '<string.h>'
   62 | # include <limits.h>
   63 | #else
configure:5399: $? = 0
configure:5399: result: yes
configure:5399: checking for pow
configure:5399: gcc -o conftest -g -O2   conftest.c -lpthread -lm -lbluetooth -lglut -lSDL -lGLU -lGL  >&5
conftest.c:76:6: warning: conflicting types for built-in function 'pow'; expected 'double(double,  double)' [-Wbuiltin-declaration-mismatch]
   76 | char pow ();
      |      ^~~
conftest.c:64:1: note: 'pow' is declared in header '<math.h>'
   63 | # include <limits.h>
   64 | #else
configure:5399: $? = 0
configure:5399: result: yes
configure:5399: checking for select
configure:5399: gcc -o conftest -g -O2   conftest.c -lpthread -lm -lbluetooth -lglut -lSDL -lGLU -lGL  >&5
configure:5399: $? = 0
configure:5399: result: yes
configure:5399: checking for socket
configure:5399: gcc -o conftest -g -O2   conftest.c -lpthread -lm -lbluetooth -lglut -lSDL -lGLU -lGL  >&5
configure:5399: $? = 0
configure:5399: result: yes
configure:5399: checking for sqrt
configure:5399: gcc -o conftest -g -O2   conftest.c -lpthread -lm -lbluetooth -lglut -lSDL -lGLU -lGL  >&5
conftest.c:79:6: warning: conflicting types for built-in function 'sqrt'; expected 'double(double)' [-Wbuiltin-declaration-mismatch]
   79 | char sqrt ();
      |      ^~~~
conftest.c:67:1: note: 'sqrt' is declared in header '<math.h>'
   66 | # include <limits.h>
   67 | #else
configure:5399: $? = 0
configure:5399: result: yes
configure:5399: checking for strdup
configure:5399: gcc -o conftest -g -O2   conftest.c -lpthread -lm -lbluetooth -lglut -lSDL -lGLU -lGL  >&5
conftest.c:80:6: warning: conflicting types for built-in function 'strdup'; expected 'char *(const char *)' [-Wbuiltin-declaration-mismatch]
   80 | char strdup ();
      |      ^~~~~~
configure:5399: $? = 0
configure:5399: result: yes
configure:5399: checking for strerror
configure:5399: gcc -o conftest -g -O2   conftest.c -lpthread -lm -lbluetooth -lglut -lSDL -lGLU -lGL  >&5
configure:5399: $? = 0
configure:5399: result: yes
configure:5399: checking for strncasecmp
configure:5399: gcc -o conftest -g -O2   conftest.c -lpthread -lm -lbluetooth -lglut -lSDL -lGLU -lGL  >&5
conftest.c:82:6: warning: conflicting types for built-in function 'strncasecmp'; expected 'int(const char *, const char *, long unsigned int)' [-Wbuiltin-declaration-mismatch]
   82 | char strncasecmp ();
      |      ^~~~~~~~~~~
configure:5399: $? = 0
configure:5399: result: yes
configure:5452: checking for ranlib
configure:5468: found /usr/bin/ranlib
configure:5479: result: ranlib
configure:5605: checking that generated files are newer than configure
configure:5611: result: done
configure:5634: creating ./config.status

## ---------------------- ##
## Running config.status. ##
## ---------------------- ##

This file was extended by Robo Soccer config.status 1.0, which was
generated by GNU Autoconf 2.69.  Invocation command line was

  CONFIG_FILES    = 
  CONFIG_HEADERS  = 
  CONFIG_LINKS    = 
  CONFIG_COMMANDS = 
  $ ./config.status 

on anand-HP-Laptop-15-bs0xx

config.status:892: creating Makefile
config.status:892: creating src/Makefile
config.status:892: creating include/config.h
config.status:1073: include/config.h is unchanged
config.status:1121: executing depfiles commands
config.status:1198: cd src       && sed -e '/# am--include-marker/d' Makefile         | make -f - am--depfiles
make: Nothing to be done for 'am--depfiles'.
config.status:1203: $? = 0

## ---------------- ##
## Cache variables. ##
## ---------------- ##

ac_cv_c_compiler_gnu=yes
ac_cv_c_inline=inline
ac_cv_c_uint16_t=yes
ac_cv_c_uint32_t=yes
ac_cv_c_uint64_t=yes
ac_cv_c_uint8_t=yes
ac_cv_env_CC_set=
ac_cv_env_CC_value=
ac_cv_env_CFLAGS_set=
ac_cv_env_CFLAGS_value=
ac_cv_env_CPPFLAGS_set=
ac_cv_env_CPPFLAGS_value=
ac_cv_env_CPP_set=
ac_cv_env_CPP_value=
ac_cv_env_LDFLAGS_set=
ac_cv_env_LDFLAGS_value=
ac_cv_env_LIBS_set=
ac_cv_env_LIBS_value=
ac_cv_env_XMKMF_set=
ac_cv_env_XMKMF_value=
ac_cv_env_build_alias_set=
ac_cv_env_build_alias_value=
ac_cv_env_host_alias_set=
ac_cv_env_host_alias_value=
ac_cv_env_target_alias_set=
ac_cv_env_target_alias_value=
ac_cv_func_floor=yes
ac_cv_func_ftruncate=yes
ac_cv_func_getpagesize=yes
ac_cv_func_malloc_0_nonnull=yes
ac_cv_func_memset=yes
ac_cv_func_mmap_fixed_mapped=yes
ac_cv_func_pow=yes
ac_cv_func_realloc_0_nonnull=yes
ac_cv_func_select=yes
ac_cv_func_socket=yes
ac_cv_func_sqrt=yes
ac_cv_func_strdup=yes
ac_cv_func_strerror=yes
ac_cv_func_strncasecmp=yes
ac_cv_have_x='have_x=yes	ac_x_includes='\'''\''	ac_x_libraries='\'''\'''
ac_cv_header_fcntl_h=yes
ac_cv_header_inttypes_h=yes
ac_cv_header_limits_h=yes
ac_cv_header_malloc_h=yes
ac_cv_header_memory_h=yes
ac_cv_header_stdc=yes
ac_cv_header_stdint_h=yes
ac_cv_header_stdlib_h=yes
ac_cv_header_string_h=yes
ac_cv_header_strings_h=yes
ac_cv_header_sys_file_h=yes
ac_cv_header_sys_ioctl_h=yes
ac_cv_header_sys_param_h=yes
ac_cv_header_sys_socket_h=yes
ac_cv_header_sys_stat_h=yes
ac_cv_header_sys_time_h=yes
ac_cv_header_sys_types_h=yes
ac_cv_header_unistd_h=yes
ac_cv_lib_GLU_gluBeginTrim=yes
ac_cv_lib_GL_glEnable=yes
ac_cv_lib_SDL_SDL_Init=yes
ac_cv_lib_bluetooth_baswap=yes
ac_cv_lib_glut_glutInit=yes
ac_cv_lib_jpeg_jpeg_CreateCompress=no
ac_cv_lib_m_sqrt=yes
ac_cv_lib_pthread_pthread_create=yes
ac_cv_objext=o
ac_cv_path_EGREP='/usr/bin/grep -E'
ac_cv_path_GREP=/usr/bin/grep
ac_cv_path_install='/usr/bin/install -c'
ac_cv_path_mkdir=/usr/bin/mkdir
ac_cv_prog_AWK=mawk
ac_cv_prog_CPP='gcc -E'
ac_cv_prog_ac_ct_CC=gcc
ac_cv_prog_ac_ct_RANLIB=ranlib
ac_cv_prog_cc_c89=
ac_cv_prog_cc_g=yes
ac_cv_prog_make_make_set=yes
ac_cv_type_off_t=yes
ac_cv_type_size_t=yes
ac_cv_type_ssize_t=yes
am_cv_CC_dependencies_compiler_type=gcc3
am_cv_make_support_nested_variables=yes
am_cv_prog_cc_c_o=yes

## ----------------- ##
## Output variables. ##
## ----------------- ##

ACLOCAL='aclocal-1.16'
AMDEPBACKSLASH='\'
AMDEP_FALSE='#'
AMDEP_TRUE=''
AMTAR='$${TAR-tar}'
AM_BACKSLASH='\'
AM_DEFAULT_V='$(AM_DEFAULT_VERBOSITY)'
AM_DEFAULT_VERBOSITY='1'
AM_V='$(V)'
AUTOCONF='autoconf'
AUTOHEADER='autoheader'
AUTOMAKE='automake-1.16'
AWK='mawk'
CC='gcc'
CCDEPMODE='depmode=gcc3'
CFLAGS='-g -O2'
CPP='gcc -E'
CPPFLAGS=''
CYGPATH_W='echo'
DEFS='-DHAVE_CONFIG_H'
DEPDIR='.deps'
ECHO_C=''
ECHO_N='-n'
ECHO_T=''
EGREP='/usr/bin/grep -E'
EXEEXT=''
GREP='/usr/bin/grep'
INSTALL_DATA='${INSTALL} -m 644'
INSTALL_PROGRAM='${INSTALL}'
INSTALL_SCRIPT='${INSTALL}'
INSTALL_STRIP_PROGRAM='$(install_sh) -c -s'
LDFLAGS=''
LIBOBJS=''
LIBS='-lpthread -lm -lbluetooth -lglut -lSDL -lGLU -lGL '
LN_S='ln -s'
LTLIBOBJS=''
MAKEINFO='makeinfo'
MKDIR_P='/usr/bin/mkdir -p'
OBJEXT='o'
PACKAGE='robo-soccer'
PACKAGE_BUGREPORT='wisalam@live.com'
PACKAGE_NAME='Robo Soccer'
PACKAGE_STRING='Robo Soccer 1.0'
PACKAGE_TARNAME='robo-soccer'
PACKAGE_URL=''
PACKAGE_VERSION='1.0'
PATH_SEPARATOR=':'
RANLIB='ranlib'
SET_MAKE=''
SHELL='/bin/bash'
STRIP=''
VERSION='1.0'
XMKMF=''
ac_ct_CC='gcc'
am__EXEEXT_FALSE=''
am__EXEEXT_TRUE='#'
am__fastdepCC_FALSE='#'
am__fastdepCC_TRUE=''
am__include='include'
am__isrc=''
am__leading_dot='.'
am__nodep='_no'
am__quote=''
am__tar='$${TAR-tar} chof - "$$tardir"'
am__untar='$${TAR-tar} xf -'
bindir='${exec_prefix}/bin'
build_alias=''
datadir='${datarootdir}'
datarootdir='${prefix}/share'
docdir='${datarootdir}/doc/${PACKAGE_TARNAME}'
dvidir='${docdir}'
exec_prefix='${prefix}'
host_alias=''
htmldir='${docdir}'
includedir='${prefix}/include'
infodir='${datarootdir}/info'
install_sh='${SHELL} /home/anand/CSCC85/RoboSoccer_2021/install-sh'
libdir='${exec_prefix}/lib'
libexecdir='${exec_prefix}/libexec'
localedir='${datarootdir}/locale'
localstatedir='${prefix}/var'
mandir='${datarootdir}/man'
mkdir_p='$(MKDIR_P)'
oldincludedir='/usr/include'
pdfdir='${docdir}'
prefix='/home/anand/CSCC85/RoboSoccer_2021'
program_transform_name='s,x,x,'
psdir='${docdir}'
runstatedir='${localstatedir}/run'
sbindir='${exec_prefix}/sbin'
sharedstatedir='${prefix}/com'
sysconfdir='${prefix}/etc'
target_alias=''

## ----------- ##
## confdefs.h. ##
## ----------- ##

/* confdefs.h */
#define PACKAGE_NAME "Robo Soccer"
#define PACKAGE_TARNAME "robo-soccer"
#define PACKAGE_VERSION "1.0"
#define PACKAGE_STRING "Robo Soccer 1.0"
#define PACKAGE_BUGREPORT "wisalam@live.com"
#define PACKAGE_URL ""
#define PACKAGE "robo-soccer"
#define VERSION "1.0"
#define HAVE_LIBGL 1
#define HAVE_LIBGLU 1
#define HAVE_LIBSDL 1
#define HAVE_LIBGLUT 1
#define HAVE_LIBBLUETOOTH 1
#define HAVE_LIBM 1
#define HAVE_LIBPTHREAD 1
#define STDC_HEADERS 1
#define HAVE_SYS_TYPES_H 1
#define HAVE_SYS_STAT_H 1
#define HAVE_STDLIB_H 1
#define HAVE_STRING_H 1
#define HAVE_MEMORY_H 1
#define HAVE_STRINGS_H 1
#define HAVE_INTTYPES_H 1
#define HAVE_STDINT_H 1
#define HAVE_UNISTD_H 1
#define HAVE_FCNTL_H 1
#define HAVE_INTTYPES_H 1
#define HAVE_LIMITS_H 1
#define HAVE_MALLOC_H 1
#define HAVE_STDINT_H 1
#define HAVE_STDLIB_H 1
#define HAVE_STRING_H 1
#define HAVE_SYS_FILE_H 1
#define HAVE_SYS_IOCTL_H 1
#define HAVE_SYS_PARAM_H 1
#define HAVE_SYS_SOCKET_H 1
#define HAVE_SYS_TIME_H 1
#define HAVE_UNISTD_H 1
#define HAVE_STDLIB_H 1
#define HAVE_MALLOC 1
#define HAVE_STDLIB_H 1
#define HAVE_UNISTD_H 1
#define HAVE_SYS_PARAM_H 1
#define HAVE_GETPAGESIZE 1
#define HAVE_MMAP 1
#define HAVE_STDLIB_H 1
#define HAVE_REALLOC 1
#define HAVE_FLOOR 1
#define HAVE_FTRUNCATE 1
#define HAVE_MEMSET 1
#define HAVE_POW 1
#define HAVE_SELECT 1
#define HAVE_SOCKET 1
#define HAVE_SQRT 1
#define HAVE_STRDUP 1
#define HAVE_STRERROR 1
#define HAVE_STRNCASECMP 1

configure: exit 0
